-------------------------------------------------------------------------------
Test set: br.com.uri.spring.controller.PersonControllerTest
-------------------------------------------------------------------------------
Tests run: 1, Failures: 0, Errors: 1, Skipped: 0, Time elapsed: 0.724 s <<< FAILURE! - in br.com.uri.spring.controller.PersonControllerTest
givenAValidRequestWhenCreatingPersonThenShouldReturnOk  Time elapsed: 0 s  <<< ERROR!
java.lang.IllegalStateException: Failed to load ApplicationContext
Caused by: org.springframework.beans.factory.UnsatisfiedDependencyException: Error creating bean with name 'personController' defined in file [C:\Users\Pichau\Desktop\loja-tem-de-tudo\Backend\target\classes\br\com\uri\spring\controller\PersonController.class]: Unsatisfied dependency expressed through constructor parameter 0; nested exception is org.springframework.beans.factory.NoSuchBeanDefinitionException: No qualifying bean of type 'br.com.uri.spring.service.PersonService' available: expected at least 1 bean which qualifies as autowire candidate. Dependency annotations: {}
Caused by: org.springframework.beans.factory.NoSuchBeanDefinitionException: No qualifying bean of type 'br.com.uri.spring.service.PersonService' available: expected at least 1 bean which qualifies as autowire candidate. Dependency annotations: {}

